This is pdfTeX, Version 3.14159265-2.6-1.40.16 (TeX Live 2015/Debian) (preloaded format=pdflatex 2018.11.10)  24 JUN 2019 11:37
entering extended mode
 restricted \write18 enabled.
 %&-line parsing enabled.
**v1.tex
(./v1.tex
LaTeX2e <2016/02/01>
Babel <3.9q> and hyphenation patterns for 12 language(s) loaded.
(./aastex61.cls
Document Class: aastex61 2016/04/16 Version 6.1/AAS markup document class
Class aastex Info: 
 
 Original \LaTeX2.09 style by Chris Biemesderfer (chris@seagoat.com). 
 Adapted to \LaTeXe by A. Ogawa (ogawa@teleport.com)
 emulateapj.cls included, Copyright 2000-2015 Alexey Vikhlinin 
 Rewrite and update of emulateapj.cls, revised and enhanced with table macros, 
gridlines, draft watermark,
 track changes, new `modern' style and much more, by Amy Hendrickson,
 (amyh@texnology.com, http://www.texnology.com) 
 
  on input line 106.
\bibbaselineskip=\skip41
(/usr/share/texlive/texmf-dist/tex/latex/revtex/revtex4-1.cls
Document Class: revtex4-1 2010/07/25/20:33:00 4.1r (http://publish.aps.org/revt
ex4/ for documentation)
 Copyright (c) 2009 The American Physical Society.
 mailto:revtex@aps.org
 Licensed under the LPPL:
http://www.ctan.org/tex-archive/macros/latex/base/lppl.txt
 Arthur Ogawa <arthur_ogawa at sbcglobal dot net>
 Based on work by David Carlisle <david at dcarlisle.demon.co.uk>.
ltxutil[2010/07/25/20:33:00 4.1r utilities package (portions licensed from W. E
. Baxter web at superscript.com)]
LaTeX Info: Redefining \@centercr on input line 308.
Class revtex4-1 Info: Repairing broken LaTeX eqnarray on input line 358.
\eqncolsep=\skip42
Class revtex4-1 Info: Repairing hyperref-unfriendly LaTeX definition of \mpfoot
note on input line 433.
Class revtex4-1 Info: Repairing broken LateX \@sect on input line 755.
\intertabularlinepenalty=\count79
\@tbpen=\count80
\@arstrutbox@hline=\box26
Class revtex4-1 Info: Repairing broken LaTeX \@xbitor on input line 1786.
Class revtex4-1 Info: Making \typeout \long on input line 2046.
ltxfront[2010/07/25/20:33:00 4.1r frontmatter package (AO,DPC)]
\c@affil=\count81
\c@collab=\count82
\absbox=\box27
ltxgrid[2010/07/25/20:33:00 4.1r page grid package (portions licensed from W. E
. Baxter web at superscript.com)]
\c@linecount=\count83
\output@latex=\toks14
\box@size@1=\box28
\box@size@2=\box29
\@protection@box=\box30
\@topmark@saved=\toks15
\footins@saved=\box31
\footins@recovered=\box32
\column@recovered=\box33
\pagesofar=\box34
\footsofar=\box35
\pagegrid@col=\count84
Class revtex4-1 Info: Overriding \@vspace, \@vspacer, \@no@pgbk, \@newline, and
 \\  on input line 5578.
\c@part=\count85
\c@section=\count86
\c@subsection=\count87
\c@subsubsection=\count88
\c@paragraph=\count89
\c@subparagraph=\count90
\abovecaptionskip=\skip43
\belowcaptionskip=\skip44
\c@figure=\count91
\fbox@1=\box36
\c@table=\count92
\fbox@2=\box37
\c@video=\count93
\fbox@4=\box38
\@bibdataout=\write3
\widetext@top=\box39
\widetext@bot=\box40
Class revtex4-1 Info: Selecting society aps on input line 7542.
(/usr/share/texlive/texmf-dist/tex/latex/revtex/aps4-1.rtx
File: aps4-1 2010/07/25/20:33:00 4.1r (http://publish.aps.org/revtex4/ for docu
mentation)
Class revtex4-1 Info: RevTeX society APS selected on input line 31.
)
Class revtex4-1 Info: Selecting journal pra on input line 7544.
Class revtex4-1 Info: APS journal PRA selected on input line 7545.

(/usr/share/texlive/texmf-dist/tex/latex/revtex/aps10pt4-1.rtx
File: aps10pt4-1 2010/07/25/20:33:00 4.1r (http://publish.aps.org/revtex4/ for 
documentation)
Class revtex4-1 Info: RevTeX pointsize 10pt selected on input line 30.
)
(/usr/share/texlive/texmf-dist/tex/latex/textcase/textcase.sty
Package: textcase 2004/10/07 v0.07 Text only upper/lower case changing (DPC)
)
(/usr/share/texlive/texmf-dist/tex/latex/url/url.sty
\Urlmuskip=\muskip10
Package: url 2013/09/16  ver 3.4  Verb mode for urls, etc.
)
(/usr/share/texlive/texmf-dist/tex/latex/natbib/natbib.sty
Package: natbib 2010/09/13 8.31b (PWD, AO)
\bibhang=\skip45
\bibsep=\skip46
LaTeX Info: Redefining \cite on input line 694.
\c@NAT@ctr=\count94
)
Class revtex4-1 Info: Repairing natbib's \BibitemShut on input line 7549.

(/usr/share/texlive/texmf-dist/tex/latex/revtex/revsymb4-1.sty
Package: revsymb4-1 2010/07/25/20:33:00 4.1r (http://publish.aps.org/revtex4/ f
or documentation)
LaTeX Info: Redefining \REV@mathfrak on input line 119.
))
(/usr/share/texlive/texmf-dist/tex/latex/base/latexsym.sty
Package: latexsym 1998/08/17 v2.2e Standard LaTeX package (lasy symbols)
\symlasy=\mathgroup4
LaTeX Font Info:    Overwriting symbol font `lasy' in version `bold'
(Font)                  U/lasy/m/n --> U/lasy/b/n on input line 52.
)
(/usr/share/texlive/texmf-dist/tex/latex/graphics/graphicx.sty
Package: graphicx 2014/10/28 v1.0g Enhanced LaTeX Graphics (DPC,SPQR)

(/usr/share/texlive/texmf-dist/tex/latex/graphics/keyval.sty
Package: keyval 2014/10/28 v1.15 key=value parser (DPC)
\KV@toks@=\toks16
)
(/usr/share/texlive/texmf-dist/tex/latex/graphics/graphics.sty
Package: graphics 2016/01/03 v1.0q Standard LaTeX Graphics (DPC,SPQR)

(/usr/share/texlive/texmf-dist/tex/latex/graphics/trig.sty
Package: trig 2016/01/03 v1.10 sin cos tan (DPC)
)
(/usr/share/texlive/texmf-dist/tex/latex/latexconfig/graphics.cfg
File: graphics.cfg 2010/04/23 v1.9 graphics configuration of TeX Live
)
Package graphics Info: Driver file: pdftex.def on input line 95.

(/usr/share/texlive/texmf-dist/tex/latex/pdftex-def/pdftex.def
File: pdftex.def 2011/05/27 v0.06d Graphics/color for pdfTeX

(/usr/share/texlive/texmf-dist/tex/generic/oberdiek/infwarerr.sty
Package: infwarerr 2010/04/08 v1.3 Providing info/warning/error messages (HO)
)
(/usr/share/texlive/texmf-dist/tex/generic/oberdiek/ltxcmds.sty
Package: ltxcmds 2011/11/09 v1.22 LaTeX kernel commands for general use (HO)
)
\Gread@gobject=\count95
))
\Gin@req@height=\dimen102
\Gin@req@width=\dimen103
)
(/usr/share/texlive/texmf-dist/tex/latex/amsfonts/amssymb.sty
Package: amssymb 2013/01/14 v3.01 AMS font symbols

(/usr/share/texlive/texmf-dist/tex/latex/amsfonts/amsfonts.sty
Package: amsfonts 2013/01/14 v3.01 Basic AMSFonts support
\@emptytoks=\toks17
\symAMSa=\mathgroup5
\symAMSb=\mathgroup6
LaTeX Font Info:    Overwriting math alphabet `\mathfrak' in version `bold'
(Font)                  U/euf/m/n --> U/euf/b/n on input line 106.
LaTeX Info: Redefining \frak on input line 111.
LaTeX Info: Redefining \Bbb on input line 113.
))
(/usr/share/texlive/texmf-dist/tex/generic/epsf/epsf.sty
This is `epsf.tex' v2.7.4 <14 February 2011>
\epsffilein=\read1
\epsfframemargin=\dimen104
\epsfframethickness=\dimen105
\epsfrsize=\dimen106
\epsftmp=\dimen107
\epsftsize=\dimen108
\epsfxsize=\dimen109
\epsfysize=\dimen110
\pspoints=\dimen111
)
\fncount=\count96
\endfncount=\count97
\c@front@matter@foot@note=\count98
\keys@width=\skip47
\c@lastfootnote=\count99
\c@remember@figure@num=\count100
\c@remember@table@num=\count101
\bibskip=\skip48
\bibindent=\dimen112
\plot@width=\skip49
\c@table@save=\count102
\@abovenoteskip=\dimen113
\table@note@skip=\skip50
\deluxe@table@width=\skip51
\@d@t@a=\skip52
\c@deluxe@table@num=\count103
\LTcapwidth=\dimen114
\abovedeluxetableskip=\skip53
\belowdeluxetableskip=\skip54
\lastrowheight=\dimen115
\DT@p@ftn=\toks18
\pt@column=\count104
\pt@ncol=\count105
 (/usr/share/texlive/texmf-dist/tex/latex/tools/longtable.sty
Package: longtable 2014/10/28 v4.11 Multi-page Table package (DPC)
\LTleft=\skip55
\LTright=\skip56
\LTpre=\skip57
\LTpost=\skip58
\LTchunksize=\count106
\LTcapwidth=\dimen116
\LT@head=\box41
\LT@firsthead=\box42
\LT@foot=\box43
\LT@lastfoot=\box44
\LT@cols=\count107
\LT@rows=\count108
\c@LT@tables=\count109
\c@LT@chunks=\count110
\LT@p@ftn=\toks19
)
(/usr/share/texlive/texmf-dist/tex/latex/xcolor/xcolor.sty
Package: xcolor 2007/01/21 v2.11 LaTeX color extensions (UK)

(/usr/share/texlive/texmf-dist/tex/latex/latexconfig/color.cfg
File: color.cfg 2007/01/18 v1.5 color configuration of teTeX/TeXLive
)
Package xcolor Info: Driver file: pdftex.def on input line 225.
Package xcolor Info: Model `cmy' substituted by `cmy0' on input line 1337.
Package xcolor Info: Model `hsb' substituted by `rgb' on input line 1341.
Package xcolor Info: Model `RGB' extended on input line 1353.
Package xcolor Info: Model `HTML' substituted by `rgb' on input line 1355.
Package xcolor Info: Model `Hsb' substituted by `hsb' on input line 1356.
Package xcolor Info: Model `tHsb' substituted by `hsb' on input line 1357.
Package xcolor Info: Model `HSB' substituted by `hsb' on input line 1358.
Package xcolor Info: Model `Gray' substituted by `gray' on input line 1359.
Package xcolor Info: Model `wave' substituted by `hsb' on input line 1360.
)
(/usr/share/texlive/texmf-dist/tex/latex/hyperref/hyperref.sty
Package: hyperref 2012/11/06 v6.83m Hypertext links for LaTeX

(/usr/share/texlive/texmf-dist/tex/generic/oberdiek/hobsub-hyperref.sty
Package: hobsub-hyperref 2012/05/28 v1.13 Bundle oberdiek, subset hyperref (HO)


(/usr/share/texlive/texmf-dist/tex/generic/oberdiek/hobsub-generic.sty
Package: hobsub-generic 2012/05/28 v1.13 Bundle oberdiek, subset generic (HO)
Package: hobsub 2012/05/28 v1.13 Construct package bundles (HO)
Package hobsub Info: Skipping package `infwarerr' (already loaded).
Package hobsub Info: Skipping package `ltxcmds' (already loaded).
Package: ifluatex 2010/03/01 v1.3 Provides the ifluatex switch (HO)
Package ifluatex Info: LuaTeX not detected.
Package: ifvtex 2010/03/01 v1.5 Detect VTeX and its facilities (HO)
Package ifvtex Info: VTeX not detected.
Package: intcalc 2007/09/27 v1.1 Expandable calculations with integers (HO)
Package: ifpdf 2011/01/30 v2.3 Provides the ifpdf switch (HO)
Package ifpdf Info: pdfTeX in PDF mode is detected.
Package: etexcmds 2011/02/16 v1.5 Avoid name clashes with e-TeX commands (HO)
Package etexcmds Info: Could not find \expanded.
(etexcmds)             That can mean that you are not using pdfTeX 1.50 or
(etexcmds)             that some package has redefined \expanded.
(etexcmds)             In the latter case, load this package earlier.
Package: kvsetkeys 2012/04/25 v1.16 Key value parser (HO)
Package: kvdefinekeys 2011/04/07 v1.3 Define keys (HO)
Package: pdftexcmds 2011/11/29 v0.20 Utility functions of pdfTeX for LuaTeX (HO
)
Package pdftexcmds Info: LuaTeX not detected.
Package pdftexcmds Info: \pdf@primitive is available.
Package pdftexcmds Info: \pdf@ifprimitive is available.
Package pdftexcmds Info: \pdfdraftmode found.
Package: pdfescape 2011/11/25 v1.13 Implements pdfTeX's escape features (HO)
Package: bigintcalc 2012/04/08 v1.3 Expandable calculations on big integers (HO
)
Package: bitset 2011/01/30 v1.1 Handle bit-vector datatype (HO)
Package: uniquecounter 2011/01/30 v1.2 Provide unlimited unique counter (HO)
)
Package hobsub Info: Skipping package `hobsub' (already loaded).
Package: letltxmacro 2010/09/02 v1.4 Let assignment for LaTeX macros (HO)
Package: hopatch 2012/05/28 v1.2 Wrapper for package hooks (HO)
Package: xcolor-patch 2011/01/30 xcolor patch
Package: atveryend 2011/06/30 v1.8 Hooks at the very end of document (HO)
Package: atbegshi 2011/10/05 v1.16 At begin shipout hook (HO)
Package: refcount 2011/10/16 v3.4 Data extraction from label references (HO)
Package: hycolor 2011/01/30 v1.7 Color options for hyperref/bookmark (HO)
)
(/usr/share/texlive/texmf-dist/tex/generic/ifxetex/ifxetex.sty
Package: ifxetex 2010/09/12 v0.6 Provides ifxetex conditional
)
(/usr/share/texlive/texmf-dist/tex/latex/oberdiek/auxhook.sty
Package: auxhook 2011/03/04 v1.3 Hooks for auxiliary files (HO)
)
(/usr/share/texlive/texmf-dist/tex/latex/oberdiek/kvoptions.sty
Package: kvoptions 2011/06/30 v3.11 Key value format for package options (HO)
)
\@linkdim=\dimen117
\Hy@linkcounter=\count111
\Hy@pagecounter=\count112

(/usr/share/texlive/texmf-dist/tex/latex/hyperref/pd1enc.def
File: pd1enc.def 2012/11/06 v6.83m Hyperref: PDFDocEncoding definition (HO)
)
\Hy@SavedSpaceFactor=\count113

(/usr/share/texlive/texmf-dist/tex/latex/latexconfig/hyperref.cfg
File: hyperref.cfg 2002/06/06 v1.2 hyperref configuration of TeXLive
)
Package hyperref Info: Option `bookmarks' set `false' on input line 4319.
Package hyperref Info: Option `pdfnewwindow' set `true' on input line 4319.
Package hyperref Info: Option `colorlinks' set `true' on input line 4319.
Package hyperref Info: Option `final' set `true' on input line 4319.
Package hyperref Info: Hyper figures OFF on input line 4443.
Package hyperref Info: Link nesting OFF on input line 4448.
Package hyperref Info: Hyper index ON on input line 4451.
Package hyperref Info: Plain pages OFF on input line 4458.
Package hyperref Info: Backreferencing OFF on input line 4463.
Package hyperref Info: Implicit mode ON; LaTeX internals redefined.
Package hyperref Info: Bookmarks OFF on input line 4694.
LaTeX Info: Redefining \href on input line 4952.
\c@Hy@tempcnt=\count114
LaTeX Info: Redefining \url on input line 5041.
\XeTeXLinkMargin=\dimen118
\Fld@menulength=\count115
\Field@Width=\dimen119
\Fld@charsize=\dimen120
Package hyperref Info: Hyper figures OFF on input line 6295.
Package hyperref Info: Link nesting OFF on input line 6300.
Package hyperref Info: Hyper index ON on input line 6303.
Package hyperref Info: backreferencing OFF on input line 6310.
Package hyperref Info: Link coloring ON on input line 6313.
Package hyperref Info: Link coloring with OCG OFF on input line 6320.
Package hyperref Info: PDF/A mode OFF on input line 6325.
LaTeX Info: Redefining \ref on input line 6365.
LaTeX Info: Redefining \pageref on input line 6369.
\Hy@abspage=\count116
\c@Item=\count117
\c@Hfootnote=\count118
)

Package hyperref Message: Driver (autodetected): hpdftex.

(/usr/share/texlive/texmf-dist/tex/latex/hyperref/hpdftex.def
File: hpdftex.def 2012/11/06 v6.83m Hyperref driver for pdfTeX
\Fld@listcount=\count119
\c@bookmark@seq@number=\count120

(/usr/share/texlive/texmf-dist/tex/latex/oberdiek/rerunfilecheck.sty
Package: rerunfilecheck 2011/04/15 v1.7 Rerun checks for auxiliary files (HO)
Package uniquecounter Info: New unique counter `rerunfilecheck' on input line 2
82.
)
\Hy@SectionHShift=\skip59
)
(/usr/share/texlive/texmf-dist/tex/latex/tools/array.sty
Package: array 2014/10/28 v2.4c Tabular extension package (FMi)
\col@sep=\dimen121
\extrarowheight=\dimen122
\NC@list=\toks20
\extratabsurround=\skip60
\backup@length=\skip61
)
\colcount=\count121
\firstcolcount=\count122
\secondcolcount=\count123
\thirdcolcount=\count124
\columncount=\count125
\howmanyDs=\count126
\firsthowmanyDs=\count127
\secondhowmanyDs=\count128
\PartsOfTable=\count129
\columnoneandtwo=\count130
\colnumsused=\count131
\loopnum=\count132
\totalcolumncount=\count133
\totalcolumns=\count134
\firsttablebox=\box45
\secondtablebox=\box46
\thirdtablebox=\box47
\longtablebox=\box48
\splitbox=\box49
\movetabledown=\dimen123
\maxtablewidth=\dimen124
\savetabskip=\dimen125
\tempcounter=\count135
\colheadcount=\count136
\rotatetablebox=\box50
\colorcount=\count137
\refchangenumber=\count138
\listchangenum=\count139

(/usr/share/texlive/texmf-dist/tex/generic/ulem/ulem.sty
\UL@box=\box51
\UL@hyphenbox=\box52
\UL@skip=\skip62
\UL@hook=\toks21
\UL@height=\dimen126
\UL@pe=\count140
\UL@pixel=\dimen127
\ULC@box=\box53
Package: ulem 2012/05/18
\ULdepth=\dimen128
)
\AuthorCollaborationLimit=\count141
\largestAffilNum=\count142
\countauthors=\count143
\c@affilcount=\count144
)
(/usr/share/texlive/texmf-dist/tex/latex/enumitem/enumitem.sty
Package: enumitem 2011/09/28 v3.5.2 Customized lists
\labelindent=\skip63
\enit@outerparindent=\dimen129
\enit@toks=\toks22
\enit@inbox=\box54
\enitdp@description=\count145
)
Class revtex4-1 Info: Unrecognized array package. Please update this document c
lass! (Proceeding with fingers crossed.) on input line 159.
Class revtex4-1 Info: Patching unrecognized longtable package. (Proceeding with
 fingers crossed) on input line 159.
Class revtex4-1 Info: Robustifying \LaTeX's \boldmath command on input line 159
.
Class revtex4-1 Info: cite was not loaded (OK!) on input line 159.
Class revtex4-1 Info: mcite was not loaded (OK!) on input line 159.
Class revtex4-1 Info: multicol was not loaded (OK!) on input line 159.
 (./v1.aux

LaTeX Warning: Label `fig_field' multiply defined.


LaTeX Warning: Label `lc_default' multiply defined.


LaTeX Warning: Label `test_smooth' multiply defined.

)
\openout1 = `v1.aux'.

LaTeX Font Info:    Checking defaults for OML/cmm/m/it on input line 159.
LaTeX Font Info:    ... okay on input line 159.
LaTeX Font Info:    Checking defaults for T1/cmr/m/n on input line 159.
LaTeX Font Info:    ... okay on input line 159.
LaTeX Font Info:    Checking defaults for OT1/cmr/m/n on input line 159.
LaTeX Font Info:    ... okay on input line 159.
LaTeX Font Info:    Checking defaults for OMS/cmsy/m/n on input line 159.
LaTeX Font Info:    ... okay on input line 159.
LaTeX Font Info:    Checking defaults for OMX/cmex/m/n on input line 159.
LaTeX Font Info:    ... okay on input line 159.
LaTeX Font Info:    Checking defaults for U/cmr/m/n on input line 159.
LaTeX Font Info:    ... okay on input line 159.
LaTeX Font Info:    Checking defaults for PD1/pdf/m/n on input line 159.
LaTeX Font Info:    ... okay on input line 159.
 (/usr/share/texlive/texmf-dist/tex/context/base/supp-pdf.mkii
[Loading MPS to PDF converter (version 2006.09.02).]
\scratchcounter=\count146
\scratchdimen=\dimen130
\scratchbox=\box55
\nofMPsegments=\count147
\nofMParguments=\count148
\everyMPshowfont=\toks23
\MPscratchCnt=\count149
\MPscratchDim=\dimen131
\MPnumerator=\count150
\makeMPintoPDFobject=\count151
\everyMPtoPDFconversion=\toks24
) (/usr/share/texlive/texmf-dist/tex/latex/oberdiek/epstopdf-base.sty
Package: epstopdf-base 2010/02/09 v2.5 Base part for package epstopdf

(/usr/share/texlive/texmf-dist/tex/latex/oberdiek/grfext.sty
Package: grfext 2010/08/19 v1.1 Manage graphics extensions (HO)
)
Package grfext Info: Graphics extension search list:
(grfext)             [.png,.pdf,.jpg,.mps,.jpeg,.jbig2,.jb2,.PNG,.PDF,.JPG,.JPE
G,.JBIG2,.JB2,.eps]
(grfext)             \AppendGraphicsExtensions on input line 452.

(/usr/share/texlive/texmf-dist/tex/latex/latexconfig/epstopdf-sys.cfg
File: epstopdf-sys.cfg 2010/07/13 v1.3 Configuration of (r)epstopdf for TeX Liv
e
))
\AtBeginShipoutBox=\box56
Package hyperref Info: Link coloring ON on input line 159.

(/usr/share/texlive/texmf-dist/tex/latex/hyperref/nameref.sty
Package: nameref 2012/10/27 v2.43 Cross-referencing by name of section

(/usr/share/texlive/texmf-dist/tex/generic/oberdiek/gettitlestring.sty
Package: gettitlestring 2010/12/03 v1.4 Cleanup title references (HO)
)
\c@section@level=\count152
)
LaTeX Info: Redefining \ref on input line 159.
LaTeX Info: Redefining \pageref on input line 159.
LaTeX Info: Redefining \nameref on input line 159.
\openout3 = `v1Notes.bib'.

LaTeX Font Info:    Try loading font information for U+lasy on input line 220.

(/usr/share/texlive/texmf-dist/tex/latex/base/ulasy.fd
File: ulasy.fd 1998/08/17 v2.2e LaTeX symbol font definitions
)
LaTeX Font Info:    Try loading font information for U+msa on input line 220.

(/usr/share/texlive/texmf-dist/tex/latex/amsfonts/umsa.fd
File: umsa.fd 2013/01/14 v3.01 AMS symbols A
)
LaTeX Font Info:    Try loading font information for U+msb on input line 220.

(/usr/share/texlive/texmf-dist/tex/latex/amsfonts/umsb.fd
File: umsb.fd 2013/01/14 v3.01 AMS symbols B
)
Overfull \hbox (9.03374pt too wide) in paragraph at lines 262--262
[][] 
 []

[1{/var/lib/texmf/fonts/map/pdftex/updmap/pdftex.map}]
Overfull \hbox (4.07321pt too wide) in paragraph at lines 283--287
[]\OT1/cmr/m/n/10 For ref-er-ence, Planck 2015 (TT,TE,EE+lowP+lensing)
 []


Overfull \hbox (9.00725pt too wide) in paragraph at lines 299--301
[]\OT1/cmr/m/n/10 sing-cosmology test: 500 BigMD cos-molo-gies $(
[]\OML/cmm/m/it/10 ; ^^[[]\OT1/cmr/m/n/10 ) =
 []

Package epstopdf Info: Source file: <field.eps>
(epstopdf)                    date: 2019-06-14 17:19:14
(epstopdf)                    size: 2631818 bytes
(epstopdf)             Output file: <field-eps-converted-to.pdf>
(epstopdf)                    date: 2019-06-16 16:20:21
(epstopdf)                    size: 5678082 bytes
(epstopdf)             Command: <repstopdf --outfile=field-eps-converted-to.pdf
 field.eps>
(epstopdf)             \includegraphics on input line 308.
Package epstopdf Info: Output file is already uptodate.


pdfTeX warning: /usr/bin/pdflatex (file ./field-eps-converted-to.pdf): PDF incl
usion: found PDF version <1.7>, but at most version <1.5> allowed
<field-eps-converted-to.pdf, id=22, 867.24pt x 1300.86pt>
File: field-eps-converted-to.pdf Graphic file (type pdf)

<use field-eps-converted-to.pdf>
Package pdftex.def Info: field-eps-converted-to.pdf used on input line 308.
(pdftex.def)             Requested size: 341.43306pt x 512.1568pt.

Underfull \hbox (badness 2875) in paragraph at lines 318--318
[]\OT1/cmr/bx/n/9 Figure 1. [][] \OT1/cmr/m/n/9 The den-sity field (left) and p
ar-ti-cle dis-tri-bu-tion (right) of three cos-molo-gies $(
[]\OML/cmm/m/it/9 ; A[]; ^^[[]\OT1/cmr/m/n/9 ) =
 []

<Picture1.png, id=23, 896.6298pt x 513.117pt>
File: Picture1.png Graphic file (type png)
 <use Picture1.png>
Package pdftex.def Info: Picture1.png used on input line 323.
(pdftex.def)             Requested size: 341.43306pt x 195.38579pt.
Package epstopdf Info: Source file: <layeroutput_10.eps>
(epstopdf)                    date: 2019-06-17 11:20:48
(epstopdf)                    size: 92624 bytes
(epstopdf)             Output file: <layeroutput_10-eps-converted-to.pdf>
(epstopdf)                    date: 2019-06-17 11:21:39
(epstopdf)                    size: 22858 bytes
(epstopdf)             Command: <repstopdf --outfile=layeroutput_10-eps-convert
ed-to.pdf layeroutput_10.eps>
(epstopdf)             \includegraphics on input line 338.
Package epstopdf Info: Output file is already uptodate.


pdfTeX warning: /usr/bin/pdflatex (file ./layeroutput_10-eps-converted-to.pdf):
 PDF inclusion: found PDF version <1.7>, but at most version <1.5> allowed
<layeroutput_10-eps-converted-to.pdf, id=25, 216.81pt x 216.81pt>
File: layeroutput_10-eps-converted-to.pdf Graphic file (type pdf)

<use layeroutput_10-eps-converted-to.pdf>
Package pdftex.def Info: layeroutput_10-eps-converted-to.pdf used on input line
 338.
(pdftex.def)             Requested size: 128.0425pt x 128.0374pt.
Package epstopdf Info: Source file: <layeroutput_11.eps>
(epstopdf)                    date: 2019-06-17 11:20:50
(epstopdf)                    size: 2067828 bytes
(epstopdf)             Output file: <layeroutput_11-eps-converted-to.pdf>
(epstopdf)                    date: 2019-06-17 11:21:41
(epstopdf)                    size: 290968 bytes
(epstopdf)             Command: <repstopdf --outfile=layeroutput_11-eps-convert
ed-to.pdf layeroutput_11.eps>
(epstopdf)             \includegraphics on input line 339.
Package epstopdf Info: Output file is already uptodate.


pdfTeX warning: /usr/bin/pdflatex (file ./layeroutput_11-eps-converted-to.pdf):
 PDF inclusion: found PDF version <1.7>, but at most version <1.5> allowed
<layeroutput_11-eps-converted-to.pdf, id=26, 993.7125pt x 271.0125pt>
File: layeroutput_11-eps-converted-to.pdf Graphic file (type pdf)

<use layeroutput_11-eps-converted-to.pdf>
Package pdftex.def Info: layeroutput_11-eps-converted-to.pdf used on input line
 339.
(pdftex.def)             Requested size: 417.31091pt x 113.81102pt.
Package epstopdf Info: Source file: <layeroutput_12.eps>
(epstopdf)                    date: 2019-06-17 11:20:56
(epstopdf)                    size: 1198607 bytes
(epstopdf)             Output file: <layeroutput_12-eps-converted-to.pdf>
(epstopdf)                    date: 2019-06-17 11:21:42
(epstopdf)                    size: 165106 bytes
(epstopdf)             Command: <repstopdf --outfile=layeroutput_12-eps-convert
ed-to.pdf layeroutput_12.eps>
(epstopdf)             \includegraphics on input line 340.
Package epstopdf Info: Output file is already uptodate.


pdfTeX warning: /usr/bin/pdflatex (file ./layeroutput_12-eps-converted-to.pdf):
 PDF inclusion: found PDF version <1.7>, but at most version <1.5> allowed
<layeroutput_12-eps-converted-to.pdf, id=27, 975.645pt x 216.81pt>
File: layeroutput_12-eps-converted-to.pdf Graphic file (type pdf)

<use layeroutput_12-eps-converted-to.pdf>
Package pdftex.def Info: layeroutput_12-eps-converted-to.pdf used on input line
 340.
(pdftex.def)             Requested size: 384.11758pt x 85.35826pt.
Package epstopdf Info: Source file: <layeroutput_13.eps>
(epstopdf)                    date: 2019-06-17 11:21:03
(epstopdf)                    size: 642692 bytes
(epstopdf)             Output file: <layeroutput_13-eps-converted-to.pdf>
(epstopdf)                    date: 2019-06-17 11:21:43
(epstopdf)                    size: 79263 bytes
(epstopdf)             Command: <repstopdf --outfile=layeroutput_13-eps-convert
ed-to.pdf layeroutput_13.eps>
(epstopdf)             \includegraphics on input line 341.
Package epstopdf Info: Output file is already uptodate.


pdfTeX warning: /usr/bin/pdflatex (file ./layeroutput_13-eps-converted-to.pdf):
 PDF inclusion: found PDF version <1.7>, but at most version <1.5> allowed
<layeroutput_13-eps-converted-to.pdf, id=28, 1011.78pt x 180.675pt>
File: layeroutput_13-eps-converted-to.pdf Graphic file (type pdf)

<use layeroutput_13-eps-converted-to.pdf>
Package pdftex.def Info: layeroutput_13-eps-converted-to.pdf used on input line
 341.
(pdftex.def)             Requested size: 398.34416pt x 71.13188pt.
Package epstopdf Info: Source file: <layeroutput_00.eps>
(epstopdf)                    date: 2019-06-17 11:44:44
(epstopdf)                    size: 165010 bytes
(epstopdf)             Output file: <layeroutput_00-eps-converted-to.pdf>
(epstopdf)                    date: 2019-06-17 11:45:26
(epstopdf)                    size: 35181 bytes
(epstopdf)             Command: <repstopdf --outfile=layeroutput_00-eps-convert
ed-to.pdf layeroutput_00.eps>
(epstopdf)             \includegraphics on input line 365.
Package epstopdf Info: Output file is already uptodate.


pdfTeX warning: /usr/bin/pdflatex (file ./layeroutput_00-eps-converted-to.pdf):
 PDF inclusion: found PDF version <1.7>, but at most version <1.5> allowed
<layeroutput_00-eps-converted-to.pdf, id=29, 216.81pt x 216.81pt>
File: layeroutput_00-eps-converted-to.pdf Graphic file (type pdf)

<use layeroutput_00-eps-converted-to.pdf>
Package pdftex.def Info: layeroutput_00-eps-converted-to.pdf used on input line
 365.
(pdftex.def)             Requested size: 128.0425pt x 128.0374pt.
Package epstopdf Info: Source file: <layeroutput_01.eps>
(epstopdf)                    date: 2019-06-17 11:44:48
(epstopdf)                    size: 1951942 bytes
(epstopdf)             Output file: <layeroutput_01-eps-converted-to.pdf>
(epstopdf)                    date: 2019-06-17 11:45:30
(epstopdf)                    size: 275704 bytes
(epstopdf)             Command: <repstopdf --outfile=layeroutput_01-eps-convert
ed-to.pdf layeroutput_01.eps>
(epstopdf)             \includegraphics on input line 366.
Package epstopdf Info: Output file is already uptodate.


pdfTeX warning: /usr/bin/pdflatex (file ./layeroutput_01-eps-converted-to.pdf):
 PDF inclusion: found PDF version <1.7>, but at most version <1.5> allowed
<layeroutput_01-eps-converted-to.pdf, id=30, 993.7125pt x 271.0125pt>
File: layeroutput_01-eps-converted-to.pdf Graphic file (type pdf)

<use layeroutput_01-eps-converted-to.pdf>
Package pdftex.def Info: layeroutput_01-eps-converted-to.pdf used on input line
 366.
(pdftex.def)             Requested size: 417.31091pt x 113.81102pt.
Package epstopdf Info: Source file: <layeroutput_02.eps>
(epstopdf)                    date: 2019-06-17 11:44:53
(epstopdf)                    size: 1218926 bytes
(epstopdf)             Output file: <layeroutput_02-eps-converted-to.pdf>
(epstopdf)                    date: 2019-06-17 11:45:31
(epstopdf)                    size: 165962 bytes
(epstopdf)             Command: <repstopdf --outfile=layeroutput_02-eps-convert
ed-to.pdf layeroutput_02.eps>
(epstopdf)             \includegraphics on input line 367.
Package epstopdf Info: Output file is already uptodate.


pdfTeX warning: /usr/bin/pdflatex (file ./layeroutput_02-eps-converted-to.pdf):
 PDF inclusion: found PDF version <1.7>, but at most version <1.5> allowed
<layeroutput_02-eps-converted-to.pdf, id=31, 975.645pt x 216.81pt>
File: layeroutput_02-eps-converted-to.pdf Graphic file (type pdf)

<use layeroutput_02-eps-converted-to.pdf>
Package pdftex.def Info: layeroutput_02-eps-converted-to.pdf used on input line
 367.
(pdftex.def)             Requested size: 384.11758pt x 85.35826pt.
Package epstopdf Info: Source file: <layeroutput_03.eps>
(epstopdf)                    date: 2019-06-17 11:45:00
(epstopdf)                    size: 415872 bytes
(epstopdf)             Output file: <layeroutput_03-eps-converted-to.pdf>
(epstopdf)                    date: 2019-06-17 11:45:32
(epstopdf)                    size: 51226 bytes
(epstopdf)             Command: <repstopdf --outfile=layeroutput_03-eps-convert
ed-to.pdf layeroutput_03.eps>
(epstopdf)             \includegraphics on input line 368.
Package epstopdf Info: Output file is already uptodate.


pdfTeX warning: /usr/bin/pdflatex (file ./layeroutput_03-eps-converted-to.pdf):
 PDF inclusion: found PDF version <1.7>, but at most version <1.5> allowed
<layeroutput_03-eps-converted-to.pdf, id=32, 1011.78pt x 180.675pt>
File: layeroutput_03-eps-converted-to.pdf Graphic file (type pdf)

<use layeroutput_03-eps-converted-to.pdf>
Package pdftex.def Info: layeroutput_03-eps-converted-to.pdf used on input line
 368.
(pdftex.def)             Requested size: 398.34416pt x 71.13188pt.
Package epstopdf Info: Source file: <train_grid.eps>
(epstopdf)                    date: 2019-06-19 10:05:23
(epstopdf)                    size: 37930 bytes
(epstopdf)             Output file: <train_grid-eps-converted-to.pdf>
(epstopdf)                    date: 2019-06-19 10:47:47
(epstopdf)                    size: 59716 bytes
(epstopdf)             Command: <repstopdf --outfile=train_grid-eps-converted-t
o.pdf train_grid.eps>
(epstopdf)             \includegraphics on input line 379.
Package epstopdf Info: Output file is already uptodate.


pdfTeX warning: /usr/bin/pdflatex (file ./train_grid-eps-converted-to.pdf): PDF
 inclusion: found PDF version <1.7>, but at most version <1.5> allowed
<train_grid-eps-converted-to.pdf, id=35, 433.62pt x 289.08pt>
File: train_grid-eps-converted-to.pdf Graphic file (type pdf)

<use train_grid-eps-converted-to.pdf>
Package pdftex.def Info: train_grid-eps-converted-to.pdf used on input line 379
.
(pdftex.def)             Requested size: 341.43124pt x 227.62204pt.
Package epstopdf Info: Source file: <lc_default.eps>
(epstopdf)                    date: 2019-06-17 18:08:04
(epstopdf)                    size: 72689 bytes
(epstopdf)             Output file: <lc_default-eps-converted-to.pdf>
(epstopdf)                    date: 2019-06-17 18:08:08
(epstopdf)                    size: 42350 bytes
(epstopdf)             Command: <repstopdf --outfile=lc_default-eps-converted-t
o.pdf lc_default.eps>
(epstopdf)             \includegraphics on input line 388.
Package epstopdf Info: Output file is already uptodate.


pdfTeX warning: /usr/bin/pdflatex (file ./lc_default-eps-converted-to.pdf): PDF
 inclusion: found PDF version <1.7>, but at most version <1.5> allowed
<lc_default-eps-converted-to.pdf, id=36, 1011.78pt x 361.35pt>
File: lc_default-eps-converted-to.pdf Graphic file (type pdf)

<use lc_default-eps-converted-to.pdf>
Package pdftex.def Info: lc_default-eps-converted-to.pdf used on input line 388
.
(pdftex.def)             Requested size: 478.00682pt x 170.71652pt.
Package epstopdf Info: Source file: <lc_sgdmaxpool.eps>
(epstopdf)                    date: 2019-06-18 10:28:43
(epstopdf)                    size: 83818 bytes
(epstopdf)             Output file: <lc_sgdmaxpool-eps-converted-to.pdf>
(epstopdf)                    date: 2019-06-18 10:28:51
(epstopdf)                    size: 40972 bytes
(epstopdf)             Command: <repstopdf --outfile=lc_sgdmaxpool-eps-converte
d-to.pdf lc_sgdmaxpool.eps>
(epstopdf)             \includegraphics on input line 405.
Package epstopdf Info: Output file is already uptodate.


pdfTeX warning: /usr/bin/pdflatex (file ./lc_sgdmaxpool-eps-converted-to.pdf): 
PDF inclusion: found PDF version <1.7>, but at most version <1.5> allowed
<lc_sgdmaxpool-eps-converted-to.pdf, id=37, 722.7pt x 433.62pt>
File: lc_sgdmaxpool-eps-converted-to.pdf Graphic file (type pdf)

<use lc_sgdmaxpool-eps-converted-to.pdf>
Package pdftex.def Info: lc_sgdmaxpool-eps-converted-to.pdf used on input line 
405.
(pdftex.def)             Requested size: 251.32774pt x 150.79968pt.
Package epstopdf Info: Source file: <lc_half.eps>
(epstopdf)                    date: 2019-06-18 10:25:05
(epstopdf)                    size: 85194 bytes
(epstopdf)             Output file: <lc_half-eps-converted-to.pdf>
(epstopdf)                    date: 2019-06-18 10:25:13
(epstopdf)                    size: 45594 bytes
(epstopdf)             Command: <repstopdf --outfile=lc_half-eps-converted-to.p
df lc_half.eps>
(epstopdf)             \includegraphics on input line 406.
Package epstopdf Info: Output file is already uptodate.


pdfTeX warning: /usr/bin/pdflatex (file ./lc_half-eps-converted-to.pdf): PDF in
clusion: found PDF version <1.7>, but at most version <1.5> allowed
<lc_half-eps-converted-to.pdf, id=38, 722.7pt x 433.62pt>
File: lc_half-eps-converted-to.pdf Graphic file (type pdf)

<use lc_half-eps-converted-to.pdf>
Package pdftex.def Info: lc_half-eps-converted-to.pdf used on input line 406.
(pdftex.def)             Requested size: 251.32774pt x 150.79968pt.
Package epstopdf Info: Source file: <bigmd_rlt.eps>
(epstopdf)                    date: 2019-06-19 10:05:54
(epstopdf)                    size: 56637 bytes
(epstopdf)             Output file: <bigmd_rlt-eps-converted-to.pdf>
(epstopdf)                    date: 2019-06-19 10:47:47
(epstopdf)                    size: 85752 bytes
(epstopdf)             Command: <repstopdf --outfile=bigmd_rlt-eps-converted-to
.pdf bigmd_rlt.eps>
(epstopdf)             \includegraphics on input line 427.
Package epstopdf Info: Output file is already uptodate.


pdfTeX warning: /usr/bin/pdflatex (file ./bigmd_rlt-eps-converted-to.pdf): PDF 
inclusion: found PDF version <1.7>, but at most version <1.5> allowed
<bigmd_rlt-eps-converted-to.pdf, id=45, 1011.78pt x 433.62pt>
File: bigmd_rlt-eps-converted-to.pdf Graphic file (type pdf)

<use bigmd_rlt-eps-converted-to.pdf>
Package pdftex.def Info: bigmd_rlt-eps-converted-to.pdf used on input line 427.

(pdftex.def)             Requested size: 455.24408pt x 195.10735pt.
Package epstopdf Info: Source file: <multi_cosmology.eps>
(epstopdf)                    date: 2019-06-19 13:31:14
(epstopdf)                    size: 111914 bytes
(epstopdf)             Output file: <multi_cosmology-eps-converted-to.pdf>
(epstopdf)                    date: 2019-06-19 14:03:34
(epstopdf)                    size: 75862 bytes
(epstopdf)             Command: <repstopdf --outfile=multi_cosmology-eps-conver
ted-to.pdf multi_cosmology.eps>
(epstopdf)             \includegraphics on input line 439.
Package epstopdf Info: Output file is already uptodate.


pdfTeX warning: /usr/bin/pdflatex (file ./multi_cosmology-eps-converted-to.pdf)
: PDF inclusion: found PDF version <1.7>, but at most version <1.5> allowed
<multi_cosmology-eps-converted-to.pdf, id=46, 867.24pt x 433.62pt>
File: multi_cosmology-eps-converted-to.pdf Graphic file (type pdf)

<use multi_cosmology-eps-converted-to.pdf>
Package pdftex.def Info: multi_cosmology-eps-converted-to.pdf used on input lin
e 439.
(pdftex.def)             Requested size: 455.24408pt x 227.62082pt.
Package epstopdf Info: Source file: <bias.eps>
(epstopdf)                    date: 2019-06-19 14:11:05
(epstopdf)                    size: 59517 bytes
(epstopdf)             Output file: <bias-eps-converted-to.pdf>
(epstopdf)                    date: 2019-06-19 18:24:34
(epstopdf)                    size: 131155 bytes
(epstopdf)             Command: <repstopdf --outfile=bias-eps-converted-to.pdf 
bias.eps>
(epstopdf)             \includegraphics on input line 453.
Package epstopdf Info: Output file is already uptodate.


pdfTeX warning: /usr/bin/pdflatex (file ./bias-eps-converted-to.pdf): PDF inclu
sion: found PDF version <1.7>, but at most version <1.5> allowed
<bias-eps-converted-to.pdf, id=47, 1228.59pt x 433.62pt>
File: bias-eps-converted-to.pdf Graphic file (type pdf)

<use bias-eps-converted-to.pdf>
Package pdftex.def Info: bias-eps-converted-to.pdf used on input line 453.
(pdftex.def)             Requested size: 455.24408pt x 160.67508pt.
Package epstopdf Info: Source file: <test_smooth.eps>
(epstopdf)                    date: 2019-06-24 11:02:35
(epstopdf)                    size: 49792 bytes
(epstopdf)             Output file: <test_smooth-eps-converted-to.pdf>
(epstopdf)                    date: 2019-06-24 11:05:45
(epstopdf)                    size: 40957 bytes
(epstopdf)             Command: <repstopdf --outfile=test_smooth-eps-converted-
to.pdf test_smooth.eps>
(epstopdf)             \includegraphics on input line 466.
Package epstopdf Info: Output file is already uptodate.


pdfTeX warning: /usr/bin/pdflatex (file ./test_smooth-eps-converted-to.pdf): PD
F inclusion: found PDF version <1.7>, but at most version <1.5> allowed
<test_smooth-eps-converted-to.pdf, id=48, 1011.78pt x 361.35pt>
File: test_smooth-eps-converted-to.pdf Graphic file (type pdf)

<use test_smooth-eps-converted-to.pdf>
Package pdftex.def Info: test_smooth-eps-converted-to.pdf used on input line 46
6.
(pdftex.def)             Requested size: 455.24408pt x 162.58945pt.
Package epstopdf Info: Source file: <test_mask.eps>
(epstopdf)                    date: 2019-06-24 11:05:17
(epstopdf)                    size: 60105 bytes
(epstopdf)             Output file: <test_mask-eps-converted-to.pdf>
(epstopdf)                    date: 2019-06-24 11:05:46
(epstopdf)                    size: 35517 bytes
(epstopdf)             Command: <repstopdf --outfile=test_mask-eps-converted-to
.pdf test_mask.eps>
(epstopdf)             \includegraphics on input line 481.
Package epstopdf Info: Output file is already uptodate.


pdfTeX warning: /usr/bin/pdflatex (file ./test_mask-eps-converted-to.pdf): PDF 
inclusion: found PDF version <1.7>, but at most version <1.5> allowed
<test_mask-eps-converted-to.pdf, id=49, 1011.78pt x 361.35pt>
File: test_mask-eps-converted-to.pdf Graphic file (type pdf)

<use test_mask-eps-converted-to.pdf>
Package pdftex.def Info: test_mask-eps-converted-to.pdf used on input line 481.

(pdftex.def)             Requested size: 455.24408pt x 162.58945pt.
Package epstopdf Info: Source file: <test_de.eps>
(epstopdf)                    date: 2019-06-24 11:03:17
(epstopdf)                    size: 49555 bytes
(epstopdf)             Output file: <test_de-eps-converted-to.pdf>
(epstopdf)                    date: 2019-06-24 11:15:56
(epstopdf)                    size: 33285 bytes
(epstopdf)             Command: <repstopdf --outfile=test_de-eps-converted-to.p
df test_de.eps>
(epstopdf)             \includegraphics on input line 494.
Package epstopdf Info: Output file is already uptodate.


pdfTeX warning: /usr/bin/pdflatex (file ./test_de-eps-converted-to.pdf): PDF in
clusion: found PDF version <1.7>, but at most version <1.5> allowed
<test_de-eps-converted-to.pdf, id=50, 1011.78pt x 361.35pt>
File: test_de-eps-converted-to.pdf Graphic file (type pdf)

<use test_de-eps-converted-to.pdf>
Package pdftex.def Info: test_de-eps-converted-to.pdf used on input line 494.
(pdftex.def)             Requested size: 455.24408pt x 162.58945pt.
Package epstopdf Info: Source file: <test_noise.eps>
(epstopdf)                    date: 2019-06-24 11:14:10
(epstopdf)                    size: 60661 bytes
(epstopdf)             Output file: <test_noise-eps-converted-to.pdf>
(epstopdf)                    date: 2019-06-24 11:15:56
(epstopdf)                    size: 37780 bytes
(epstopdf)             Command: <repstopdf --outfile=test_noise-eps-converted-t
o.pdf test_noise.eps>
(epstopdf)             \includegraphics on input line 507.
Package epstopdf Info: Output file is already uptodate.


pdfTeX warning: /usr/bin/pdflatex (file ./test_noise-eps-converted-to.pdf): PDF
 inclusion: found PDF version <1.7>, but at most version <1.5> allowed
<test_noise-eps-converted-to.pdf, id=51, 1011.78pt x 361.35pt>
File: test_noise-eps-converted-to.pdf Graphic file (type pdf)

<use test_noise-eps-converted-to.pdf>
Package pdftex.def Info: test_noise-eps-converted-to.pdf used on input line 507
.
(pdftex.def)             Requested size: 455.24408pt x 162.58945pt.
Package epstopdf Info: Source file: <test_globalchange.eps>
(epstopdf)                    date: 2019-06-24 11:32:43
(epstopdf)                    size: 50220 bytes
(epstopdf)             Output file: <test_globalchange-eps-converted-to.pdf>
(epstopdf)                    date: 2019-06-24 11:32:24
(epstopdf)                    size: 39826 bytes
(epstopdf)             Command: <repstopdf --outfile=test_globalchange-eps-conv
erted-to.pdf test_globalchange.eps>
(epstopdf)             \includegraphics on input line 521.
runsystem(repstopdf --outfile=test_globalchange-eps-converted-to.pdf test_globa
lchange.eps)...executed safely (allowed).

Package epstopdf Info: Result file: <test_globalchange-eps-converted-to.pdf>
(epstopdf)                    date: 2019-06-24 11:37:41
(epstopdf)                    size: 39852 bytes.


pdfTeX warning: /usr/bin/pdflatex (file ./test_globalchange-eps-converted-to.pd
f): PDF inclusion: found PDF version <1.7>, but at most version <1.5> allowed
<test_globalchange-eps-converted-to.pdf, id=52, 1011.78pt x 361.35pt>
File: test_globalchange-eps-converted-to.pdf Graphic file (type pdf)

<use test_globalchange-eps-converted-to.pdf>
Package pdftex.def Info: test_globalchange-eps-converted-to.pdf used on input l
ine 521.
(pdftex.def)             Requested size: 455.24408pt x 162.58945pt.
Missing character: There is no â in font cmr9!
Missing character: There is no € in font cmr9!
Missing character: There is no “ in font cmr9!
 [2] [3 <./field-eps-converted-to.pdf>]

LaTeX Warning: A float is stuck (cannot be placed) on input line 876.

[4 <./Picture1.png>]

LaTeX Warning: A float is stuck (cannot be placed) on input line 876.


Class revtex4-1 Warning: Deferred float stuck during \clearpage processing.

[5 <./layeroutput_10-eps-converted-to.pdf> <./layeroutput_11-eps-converted-to.p
df> <./layeroutput_12-eps-converted-to.pdf> <./layeroutput_13-eps-converted-to.
pdf>] [6 <./layeroutput_00-eps-converted-to.pdf> <./layeroutput_01-eps-converte
d-to.pdf> <./layeroutput_02-eps-converted-to.pdf> <./layeroutput_03-eps-convert
ed-to.pdf>] [7 <./train_grid-eps-converted-to.pdf> <./lc_default-eps-converted-
to.pdf>] [8 <./lc_sgdmaxpool-eps-converted-to.pdf> <./lc_half-eps-converted-to.
pdf> <./bigmd_rlt-eps-converted-to.pdf>] [9 <./multi_cosmology-eps-converted-to
.pdf> <./bias-eps-converted-to.pdf>] [10 <./test_smooth-eps-converted-to.pdf> <
./test_mask-eps-converted-to.pdf> <./test_de-eps-converted-to.pdf>] [11 <./test
_noise-eps-converted-to.pdf> <./test_globalchange-eps-converted-to.pdf>]
Package atveryend Info: Empty hook `AfterLastShipout' on input line 1123.

(./v1.aux)
Package atveryend Info: Executing hook `AtVeryEndDocument' on input line 1123.
Package atveryend Info: Empty hook `AtEndAfterFileList' on input line 1123.


LaTeX Warning: There were multiply-defined labels.

 ) 
Here is how much of TeX's memory you used:
 9323 strings out of 494497
 131971 string characters out of 6172399
 276364 words of memory out of 5000000
 12538 multiletter control sequences out of 15000+600000
 14086 words of font info for 56 fonts, out of 8000000 for 9000
 264 hyphenation exceptions out of 8191
 36i,10n,37p,240b,614s stack positions out of 5000i,500n,10000p,200000b,80000s
</usr/share/texlive/texmf-dist/fonts/type1/public/amsfonts/cm/cmbx8.pfb></usr
/share/texlive/texmf-dist/fonts/type1/public/amsfonts/cm/cmbx9.pfb></usr/share/
texlive/texmf-dist/fonts/type1/public/amsfonts/cm/cmcsc10.pfb></usr/share/texli
ve/texmf-dist/fonts/type1/public/amsfonts/cm/cmmi10.pfb></usr/share/texlive/tex
mf-dist/fonts/type1/public/amsfonts/cm/cmmi6.pfb></usr/share/texlive/texmf-dist
/fonts/type1/public/amsfonts/cm/cmmi7.pfb></usr/share/texlive/texmf-dist/fonts/
type1/public/amsfonts/cm/cmmi9.pfb></usr/share/texlive/texmf-dist/fonts/type1/p
ublic/amsfonts/cm/cmr10.pfb></usr/share/texlive/texmf-dist/fonts/type1/public/a
msfonts/cm/cmr6.pfb></usr/share/texlive/texmf-dist/fonts/type1/public/amsfonts/
cm/cmr7.pfb></usr/share/texlive/texmf-dist/fonts/type1/public/amsfonts/cm/cmr8.
pfb></usr/share/texlive/texmf-dist/fonts/type1/public/amsfonts/cm/cmr9.pfb></us
r/share/texlive/texmf-dist/fonts/type1/public/amsfonts/cm/cmsy10.pfb></usr/shar
e/texlive/texmf-dist/fonts/type1/public/amsfonts/cm/cmsy6.pfb></usr/share/texli
ve/texmf-dist/fonts/type1/public/amsfonts/cm/cmsy9.pfb></usr/share/texlive/texm
f-dist/fonts/type1/public/amsfonts/cm/cmti10.pfb></usr/share/texlive/texmf-dist
/fonts/type1/public/amsfonts/cm/cmti8.pfb></usr/share/texlive/texmf-dist/fonts/
type1/public/amsfonts/cm/cmti9.pfb></usr/share/texlive/texmf-dist/fonts/type1/p
ublic/amsfonts/symbols/msam10.pfb>
Output written on v1.pdf (11 pages, 7680297 bytes).
PDF statistics:
 978 PDF objects out of 1000 (max. 8388607)
 364 compressed objects within 4 object streams
 86 named destinations out of 1000 (max. 500000)
 111 words of extra memory for PDF output out of 10000 (max. 10000000)

